<?xml version="1.0" encoding="UTF-8"?>
<!-- Generated by org.testng.reporters.JUnitXMLReporter -->
<testsuite hostname="DESKTOP-F9Q2IGH" ignored="0" name="Default test" tests="4" failures="0" timestamp="21 Oct 2020 16:34:32 GMT" time="33.009" errors="0">
  <testcase name="search" time="4.593" classname="org.amazonlogin.TestCase1"/>
  <testcase name="search" time="3.829" classname="org.amazonlogin.TestCase1"/>
  <testcase name="search" time="3.471" classname="org.amazonlogin.TestCase1"/>
  <testcase name="search" time="2.814" classname="org.amazonlogin.TestCase1"/>
</testsuite> <!-- Default test -->
