<?xml version="1.0" encoding="UTF-8"?>
<!-- Generated by org.testng.reporters.JUnitXMLReporter -->
<testsuite hostname="DESKTOP-F9Q2IGH" ignored="0" name="Test" tests="3" failures="1" timestamp="20 Oct 2020 19:08:42 GMT" time="26.664" errors="0">
  <testcase name="search" time="4.639" classname="org.amazonlogin.TestCase1"/>
  <testcase name="searchResults" time="0.045" classname="org.amazonlogin.TestCase1"/>
  <testcase name="filters" time="2.528" classname="org.amazonlogin.TestCase3">
    <failure type="java.lang.IndexOutOfBoundsException" message="Index: 27, Size: 27">
      <![CDATA[java.lang.IndexOutOfBoundsException: Index: 27, Size: 27
at java.util.ArrayList.rangeCheck(ArrayList.java:659)
at java.util.ArrayList.get(ArrayList.java:435)
at org.amazonlogin.TestCase3.filters(TestCase3.java:17)
... Removed 25 stack frames]]>
    </failure>
  </testcase> <!-- filters -->
</testsuite> <!-- Test -->
