<?xml version="1.0" encoding="UTF-8"?>
<testng-results skipped="0" failed="0" ignored="0" total="4" passed="4">
  <reporter-output>
  </reporter-output>
  <suite name="Default suite" duration-ms="33009" started-at="2020-10-21T16:33:59Z" finished-at="2020-10-21T16:34:32Z">
    <groups>
    </groups>
    <test name="Default test" duration-ms="33009" started-at="2020-10-21T16:33:59Z" finished-at="2020-10-21T16:34:32Z">
      <class name="org.amazonlogin.TestCase1">
        <test-method status="PASS" signature="launch()[pri:0, instance:org.amazonlogin.TestCase1@685cb137]" name="launch" is-config="true" duration-ms="18246" started-at="2020-10-21T16:33:59Z" finished-at="2020-10-21T16:34:18Z">
          <reporter-output>
          </reporter-output>
        </test-method> <!-- launch -->
        <test-method status="PASS" signature="search(java.lang.String)[pri:0, instance:org.amazonlogin.TestCase1@685cb137]" name="search" duration-ms="4593" started-at="2020-10-21T16:34:18Z" data-provider="searchDetails" finished-at="2020-10-21T16:34:22Z">
          <params>
            <param index="0">
              <value>
                <![CDATA[Dell Laptop]]>
              </value>
            </param>
          </params>
          <reporter-output>
          </reporter-output>
        </test-method> <!-- search -->
        <test-method status="PASS" signature="search(java.lang.String)[pri:0, instance:org.amazonlogin.TestCase1@685cb137]" name="search" duration-ms="3829" started-at="2020-10-21T16:34:22Z" data-provider="searchDetails" finished-at="2020-10-21T16:34:26Z">
          <params>
            <param index="0">
              <value>
                <![CDATA[Samsung Mobile Phones]]>
              </value>
            </param>
          </params>
          <reporter-output>
          </reporter-output>
        </test-method> <!-- search -->
        <test-method status="PASS" signature="search(java.lang.String)[pri:0, instance:org.amazonlogin.TestCase1@685cb137]" name="search" duration-ms="3471" started-at="2020-10-21T16:34:26Z" data-provider="searchDetails" finished-at="2020-10-21T16:34:30Z">
          <params>
            <param index="0">
              <value>
                <![CDATA[Micromax LEDTV]]>
              </value>
            </param>
          </params>
          <reporter-output>
          </reporter-output>
        </test-method> <!-- search -->
        <test-method status="PASS" signature="search(java.lang.String)[pri:0, instance:org.amazonlogin.TestCase1@685cb137]" name="search" duration-ms="2814" started-at="2020-10-21T16:34:30Z" data-provider="searchDetails" finished-at="2020-10-21T16:34:32Z">
          <params>
            <param index="0">
              <value>
                <![CDATA[iphone]]>
              </value>
            </param>
          </params>
          <reporter-output>
          </reporter-output>
        </test-method> <!-- search -->
      </class> <!-- org.amazonlogin.TestCase1 -->
    </test> <!-- Default test -->
  </suite> <!-- Default suite -->
</testng-results>
